2024-10-07 18:33:41,557 CRIT Supervisor is running as root.  Privileges were not dropped because no user is specified in the config file.  If you intend to run as root, you can set user=root in the config file to avoid this message.
2024-10-07 18:33:41,560 INFO supervisord started with pid 1
2024-10-07 18:33:42,564 INFO spawned: 'laravel' with pid 7
2024-10-07 18:33:42,565 INFO spawned: 'npm' with pid 8
2024-10-07 18:33:44,168 INFO success: laravel entered RUNNING state, process has stayed up for > than 1 seconds (startsecs)
2024-10-07 18:33:44,168 INFO success: npm entered RUNNING state, process has stayed up for > than 1 seconds (startsecs)
2024-10-07 18:36:59,892 WARN received SIGQUIT indicating exit request
2024-10-07 18:36:59,892 INFO waiting for laravel, npm to die
2024-10-07 18:36:59,973 INFO stopped: npm (exit status 0)
2024-10-07 18:36:59,974 INFO reaped unknown pid 30 (exit status 0)
2024-10-07 18:36:59,975 WARN stopped: laravel (terminated by SIGTERM)
2024-10-07 18:37:16,267 CRIT Supervisor is running as root.  Privileges were not dropped because no user is specified in the config file.  If you intend to run as root, you can set user=root in the config file to avoid this message.
2024-10-07 18:37:16,270 INFO supervisord started with pid 1
2024-10-07 18:37:17,273 INFO spawned: 'laravel' with pid 7
2024-10-07 18:37:17,275 INFO spawned: 'vite' with pid 8
2024-10-07 18:37:18,868 INFO success: laravel entered RUNNING state, process has stayed up for > than 1 seconds (startsecs)
2024-10-07 18:37:18,868 INFO success: vite entered RUNNING state, process has stayed up for > than 1 seconds (startsecs)
2024-10-07 18:43:13,948 INFO reaped unknown pid 83 (terminated by SIGINT)
2024-10-07 18:47:04,499 WARN received SIGQUIT indicating exit request
2024-10-07 18:47:04,499 INFO waiting for laravel, vite to die
2024-10-07 18:47:04,580 INFO stopped: vite (exit status 0)
2024-10-07 18:47:04,580 INFO reaped unknown pid 30 (exit status 0)
2024-10-07 18:47:04,581 WARN stopped: laravel (terminated by SIGTERM)
2024-10-07 18:47:32,426 CRIT Supervisor is running as root.  Privileges were not dropped because no user is specified in the config file.  If you intend to run as root, you can set user=root in the config file to avoid this message.
2024-10-07 18:47:32,430 INFO supervisord started with pid 1
2024-10-07 18:47:33,433 INFO spawned: 'laravel' with pid 7
2024-10-07 18:47:33,435 INFO spawned: 'vite' with pid 8
2024-10-07 18:47:35,026 INFO success: laravel entered RUNNING state, process has stayed up for > than 1 seconds (startsecs)
2024-10-07 18:47:35,026 INFO success: vite entered RUNNING state, process has stayed up for > than 1 seconds (startsecs)
2024-10-07 18:48:56,156 WARN received SIGQUIT indicating exit request
2024-10-07 18:48:56,156 INFO waiting for laravel, vite to die
2024-10-07 18:48:56,249 INFO stopped: vite (exit status 0)
2024-10-07 18:48:56,250 INFO reaped unknown pid 30 (exit status 0)
2024-10-07 18:48:56,251 WARN stopped: laravel (terminated by SIGTERM)
2024-10-07 18:49:18,418 CRIT Supervisor is running as root.  Privileges were not dropped because no user is specified in the config file.  If you intend to run as root, you can set user=root in the config file to avoid this message.
2024-10-07 18:49:18,422 INFO supervisord started with pid 1
2024-10-07 18:49:19,424 INFO spawned: 'laravel' with pid 7
2024-10-07 18:49:19,426 INFO spawned: 'vite' with pid 8
2024-10-07 18:49:20,924 INFO success: laravel entered RUNNING state, process has stayed up for > than 1 seconds (startsecs)
2024-10-07 18:49:20,924 INFO success: vite entered RUNNING state, process has stayed up for > than 1 seconds (startsecs)
2024-10-07 18:53:17,532 WARN received SIGQUIT indicating exit request
2024-10-07 18:53:17,532 INFO waiting for laravel, vite to die
2024-10-07 18:53:17,648 INFO stopped: vite (exit status 0)
2024-10-07 18:53:17,649 INFO reaped unknown pid 30 (exit status 0)
2024-10-07 18:53:17,650 WARN stopped: laravel (terminated by SIGTERM)
2024-10-07 18:53:18,336 CRIT Supervisor is running as root.  Privileges were not dropped because no user is specified in the config file.  If you intend to run as root, you can set user=root in the config file to avoid this message.
2024-10-07 18:53:18,339 INFO supervisord started with pid 1
2024-10-07 18:53:19,342 INFO spawned: 'laravel' with pid 7
2024-10-07 18:53:19,343 INFO spawned: 'vite' with pid 8
2024-10-07 18:53:20,840 INFO success: laravel entered RUNNING state, process has stayed up for > than 1 seconds (startsecs)
2024-10-07 18:53:20,841 INFO success: vite entered RUNNING state, process has stayed up for > than 1 seconds (startsecs)
2024-10-07 18:54:10,900 WARN received SIGQUIT indicating exit request
2024-10-07 18:54:10,901 INFO waiting for laravel, vite to die
2024-10-07 18:54:11,007 INFO stopped: vite (exit status 0)
2024-10-07 18:54:11,007 INFO reaped unknown pid 30 (exit status 0)
2024-10-07 18:54:11,009 WARN stopped: laravel (terminated by SIGTERM)
2024-10-07 18:54:11,747 CRIT Supervisor is running as root.  Privileges were not dropped because no user is specified in the config file.  If you intend to run as root, you can set user=root in the config file to avoid this message.
2024-10-07 18:54:11,749 INFO supervisord started with pid 1
2024-10-07 18:54:12,752 INFO spawned: 'laravel' with pid 7
2024-10-07 18:54:12,754 INFO spawned: 'vite' with pid 8
2024-10-07 18:54:14,243 INFO success: laravel entered RUNNING state, process has stayed up for > than 1 seconds (startsecs)
2024-10-07 18:54:14,243 INFO success: vite entered RUNNING state, process has stayed up for > than 1 seconds (startsecs)
2024-10-07 18:59:30,692 WARN received SIGQUIT indicating exit request
2024-10-07 18:59:30,693 INFO waiting for laravel, vite to die
2024-10-07 18:59:30,806 INFO stopped: vite (exit status 0)
2024-10-07 18:59:30,807 INFO reaped unknown pid 30 (exit status 0)
2024-10-07 18:59:30,808 WARN stopped: laravel (terminated by SIGTERM)
2024-10-07 18:59:49,837 CRIT Supervisor is running as root.  Privileges were not dropped because no user is specified in the config file.  If you intend to run as root, you can set user=root in the config file to avoid this message.
2024-10-07 18:59:49,842 INFO supervisord started with pid 1
2024-10-07 18:59:50,845 INFO spawned: 'laravel' with pid 7
2024-10-07 18:59:50,846 INFO spawned: 'vite' with pid 8
2024-10-07 18:59:52,383 INFO success: laravel entered RUNNING state, process has stayed up for > than 1 seconds (startsecs)
2024-10-07 18:59:52,383 INFO success: vite entered RUNNING state, process has stayed up for > than 1 seconds (startsecs)
